<?xml version="1.0" encoding="UTF-8"?>
<!-- Generated by org.testng.reporters.JUnitXMLReporter -->
<testsuite ignored="6" hostname="DESKTOP-JQ3VAGT" failures="0" tests="4" name="Test" time="20.348" errors="0" timestamp="2021-12-09T08:10:31 IST">
  <testcase classname="testcases.Addition" name="f" time="3.729"/>
  <testcase classname="testcases.Multiplication" name="f" time="4.082"/>
  <testcase classname="testcases.Subtraction" name="f" time="3.63"/>
  <testcase classname="testcases.Division" name="f" time="3.71"/>
  <testcase classname="testbase.Testbase" name="@AfterTest aftertest" time="0.0">
    <ignored/>
  </testcase> <!-- @AfterTest aftertest -->
  <testcase classname="testbase.Testbase" name="@AfterTest aftertest" time="0.0">
    <ignored/>
  </testcase> <!-- @AfterTest aftertest -->
  <testcase classname="testbase.Testbase" name="@AfterTest aftertest" time="0.0">
    <ignored/>
  </testcase> <!-- @AfterTest aftertest -->
  <testcase classname="testbase.Testbase" name="@BeforeTest beforetest" time="0.0">
    <ignored/>
  </testcase> <!-- @BeforeTest beforetest -->
  <testcase classname="testbase.Testbase" name="@BeforeTest beforetest" time="0.0">
    <ignored/>
  </testcase> <!-- @BeforeTest beforetest -->
  <testcase classname="testbase.Testbase" name="@BeforeTest beforetest" time="0.0">
    <ignored/>
  </testcase> <!-- @BeforeTest beforetest -->
</testsuite> <!-- Test -->
