<?xml version="1.0" encoding="UTF-8"?>
<!-- Generated by org.testng.reporters.JUnitXMLReporter -->
<testsuite ignored="0" hostname="DESKTOP-JQ3VAGT" failures="0" tests="4" name="Default test" time="18.875" errors="0" timestamp="2021-12-08T10:03:14 IST">
  <testcase classname="calculator.Operations_All" name="Addition" time="5.021"/>
  <testcase classname="calculator.Operations_All" name="Division" time="4.123"/>
  <testcase classname="calculator.Operations_All" name="Multiplication" time="3.613"/>
  <testcase classname="calculator.Operations_All" name="Subtraction" time="3.616"/>
</testsuite> <!-- Default test -->
